<?xml version="1.0" encoding="UTF-8"?>
<!-- Generated by org.testng.reporters.JUnitXMLReporter -->
<testsuite ignored="0" hostname="Ishant" failures="0" tests="5" name="Amazon Test" time="128.039" errors="0" timestamp="2024-06-14T12:12:09 IST">
  <testcase classname="amazon.loginTologout.AmazonLogin" name="login" time="11.847"/>
  <testcase classname="amazon.loginTologout.AmazonSearch" name="searchItem" time="18.744"/>
  <testcase classname="amazon.loginTologout.AmazonWishlist" name="addToWishlist" time="29.514"/>
  <testcase classname="amazon.loginTologout.AmazonCart" name="addToCart" time="29.327"/>
  <testcase classname="amazon.loginTologout.AmazonLogout" name="logout" time="38.546"/>
</testsuite> <!-- Amazon Test -->
