<?xml version="1.0" encoding="UTF-8"?>
<!-- Generated by org.testng.reporters.JUnitXMLReporter -->
<testsuite ignored="0" hostname="Ishant" failures="0" tests="5" name="Amazon Test" time="102.236" errors="0" timestamp="2024-06-15T12:20:32 IST">
  <testcase classname="amazon.loginTologout.AmazonLogin" name="login" time="7.926"/>
  <testcase classname="amazon.loginTologout.AmazonSearch" name="searchItem" time="14.825"/>
  <testcase classname="amazon.loginTologout.AmazonWishlist" name="addToWishlist" time="24.024"/>
  <testcase classname="amazon.loginTologout.AmazonCart" name="addToCart" time="29.469"/>
  <testcase classname="amazon.loginTologout.AmazonLogout" name="logout" time="25.94"/>
</testsuite> <!-- Amazon Test -->
