# JRE version: OpenJDK Runtime Environment Temurin-17.0.11+9 (17.0.11+9) (build 17.0.11+9)
# Java VM: OpenJDK 64-Bit Server VM Temurin-17.0.11+9 (17.0.11+9, mixed mode, tiered, compressed oops, compressed class ptrs, g1 gc, windows-amd64)
GC Precious Log:
 CPUs: 8 total, 8 available
 Memory: 8022M
 Large Page Support: Disabled
 NUMA Support: Disabled
 Compressed Oops: Enabled (32-bit)
 Heap Region Size: 1M
 Heap Min Capacity: 8M
 Heap Initial Capacity: 126M
 Heap Max Capacity: 2006M
 Pre-touch: Disabled
 Parallel Workers: 8
 Concurrent Workers: 2
 Concurrent Refinement Workers: 8
 Periodic GC: Disabled
Heap:
 garbage-first heap   total 58368K, used 34004K [0x0000000082a00000, 0x0000000100000000)
  region size 1024K, 13 young (13312K), 3 survivors (3072K)
 Metaspace       used 28148K, committed 28480K, reserved 1114112K
  class space    used 3033K, committed 3200K, reserved 1048576K
GC Heap History (16 events):
Event: 1.025 GC heap before
{Heap before GC invocations=0 (full 0):
 garbage-first heap   total 129024K, used 29696K [0x0000000082a00000, 0x0000000100000000)
  region size 1024K, 23 young (23552K), 0 survivors (0K)
 Metaspace       used 14445K, committed 14656K, reserved 1114112K
  class space    used 1421K, committed 1536K, reserved 1048576K
}
Event: 1.029 GC heap after
{Heap after GC invocations=1 (full 0):
 garbage-first heap   total 129024K, used 12544K [0x0000000082a00000, 0x0000000100000000)
  region size 1024K, 3 young (3072K), 3 survivors (3072K)
 Metaspace       used 14445K, committed 14656K, reserved 1114112K
  class space    used 1421K, committed 1536K, reserved 1048576K
}
Event: 2.388 GC heap before
{Heap before GC invocations=1 (full 0):
 garbage-first heap   total 129024K, used 37120K [0x0000000082a00000, 0x0000000100000000)
  region size 1024K, 29 young (29696K), 3 survivors (3072K)
 Metaspace       used 21250K, committed 21504K, reserved 1114112K
  class space    used 2293K, committed 2432K, reserved 1048576K
}
Event: 2.393 GC heap after
{Heap after GC invocations=2 (full 0):
 garbage-first heap   total 129024K, used 15221K [0x0000000082a00000, 0x0000000100000000)
  region size 1024K, 3 young (3072K), 3 survivors (3072K)
 Metaspace       used 21250K, committed 21504K, reserved 1114112K
  class space    used 2293K, committed 2432K, reserved 1048576K
}
Event: 22.622 GC heap before
{Heap before GC invocations=3 (full 0):
 garbage-first heap   total 58368K, used 42869K [0x0000000082a00000, 0x0000000100000000)
  region size 1024K, 31 young (31744K), 3 survivors (3072K)
 Metaspace       used 26021K, committed 26304K, reserved 1114112K
  class space    used 2938K, committed 3072K, reserved 1048576K
}
Event: 22.632 GC heap after
{Heap after GC invocations=4 (full 0):
 garbage-first heap   total 58368K, used 17542K [0x0000000082a00000, 0x0000000100000000)
  region size 1024K, 5 young (5120K), 5 survivors (5120K)
 Metaspace       used 26021K, committed 26304K, reserved 1114112K
  class space    used 2938K, committed 3072K, reserved 1048576K
}
Event: 25.413 GC heap before
{Heap before GC invocations=4 (full 0):
 garbage-first heap   total 58368K, used 18566K [0x0000000082a00000, 0x0000000100000000)
  region size 1024K, 6 young (6144K), 5 survivors (5120K)
 Metaspace       used 26086K, committed 26496K, reserved 1114112K
  class space    used 2945K, committed 3136K, reserved 1048576K
}
Event: 25.419 GC heap after
{Heap after GC invocations=5 (full 0):
 garbage-first heap   total 58368K, used 17926K [0x0000000082a00000, 0x0000000100000000)
  region size 1024K, 1 young (1024K), 1 survivors (1024K)
 Metaspace       used 26086K, committed 26496K, reserved 1114112K
  class space    used 2945K, committed 3136K, reserved 1048576K
}
Event: 95.592 GC heap before
{Heap before GC invocations=5 (full 0):
 garbage-first heap   total 58368K, used 37382K [0x0000000082a00000, 0x0000000100000000)
  region size 1024K, 21 young (21504K), 1 survivors (1024K)
 Metaspace       used 26635K, committed 26944K, reserved 1114112K
  class space    used 2953K, committed 3136K, reserved 1048576K
}
Event: 95.602 GC heap after
{Heap after GC invocations=6 (full 0):
 garbage-first heap   total 58368K, used 18969K [0x0000000082a00000, 0x0000000100000000)
  region size 1024K, 2 young (2048K), 2 survivors (2048K)
 Metaspace       used 26635K, committed 26944K, reserved 1114112K
  class space    used 2953K, committed 3136K, reserved 1048576K
}
Event: 340.602 GC heap before
{Heap before GC invocations=6 (full 0):
 garbage-first heap   total 58368K, used 39449K [0x0000000082a00000, 0x0000000100000000)
  region size 1024K, 23 young (23552K), 2 survivors (2048K)
 Metaspace       used 27099K, committed 27392K, reserved 1114112K
  class space    used 2978K, committed 3136K, reserved 1048576K
}
Event: 340.632 GC heap after
{Heap after GC invocations=7 (full 0):
 garbage-first heap   total 58368K, used 20702K [0x0000000082a00000, 0x0000000100000000)
  region size 1024K, 3 young (3072K), 3 survivors (3072K)
 Metaspace       used 27099K, committed 27392K, reserved 1114112K
  class space    used 2978K, committed 3136K, reserved 1048576K
}
Event: 456.954 GC heap before
{Heap before GC invocations=7 (full 0):
 garbage-first heap   total 58368K, used 40158K [0x0000000082a00000, 0x0000000100000000)
  region size 1024K, 23 young (23552K), 3 survivors (3072K)
 Metaspace       used 27419K, committed 27776K, reserved 1114112K
  class space    used 2983K, committed 3136K, reserved 1048576K
}
Event: 457.005 GC heap after
{Heap after GC invocations=8 (full 0):
 garbage-first heap   total 58368K, used 22387K [0x0000000082a00000, 0x0000000100000000)
  region size 1024K, 3 young (3072K), 3 survivors (3072K)
 Metaspace       used 27419K, committed 27776K, reserved 1114112K
  class space    used 2983K, committed 3136K, reserved 1048576K
}
Event: 737.550 GC heap before
{Heap before GC invocations=8 (full 0):
 garbage-first heap   total 58368K, used 41843K [0x0000000082a00000, 0x0000000100000000)
  region size 1024K, 23 young (23552K), 3 survivors (3072K)
 Metaspace       used 28054K, committed 28416K, reserved 1114112K
  class space    used 3024K, committed 3200K, reserved 1048576K
}
Event: 737.667 GC heap after
{Heap after GC invocations=9 (full 0):
 garbage-first heap   total 58368K, used 24788K [0x0000000082a00000, 0x0000000100000000)
  region size 1024K, 3 young (3072K), 3 survivors (3072K)
 Metaspace       used 28054K, committed 28416K, reserved 1114112K
  class space    used 3024K, committed 3200K, reserved 1048576K
}

