# JRE version: OpenJDK Runtime Environment Temurin-17.0.11+9 (17.0.11+9) (build 17.0.11+9)
# Java VM: OpenJDK 64-Bit Server VM Temurin-17.0.11+9 (17.0.11+9, mixed mode, tiered, compressed oops, compressed class ptrs, g1 gc, windows-amd64)
GC Precious Log:
 CPUs: 8 total, 8 available
 Memory: 8022M
 Large Page Support: Disabled
 NUMA Support: Disabled
 Compressed Oops: Enabled (32-bit)
 Heap Region Size: 1M
 Heap Min Capacity: 8M
 Heap Initial Capacity: 126M
 Heap Max Capacity: 2006M
 Pre-touch: Disabled
 Parallel Workers: 8
 Concurrent Workers: 2
 Concurrent Refinement Workers: 8
 Periodic GC: Disabled
Heap:
 garbage-first heap   total 58368K, used 28852K [0x0000000082a00000, 0x0000000100000000)
  region size 1024K, 4 young (4096K), 1 survivors (1024K)
 Metaspace       used 28502K, committed 28864K, reserved 1114112K
  class space    used 3016K, committed 3136K, reserved 1048576K
GC Heap History (20 events):
Event: 2.880 GC heap before
{Heap before GC invocations=1 (full 0):
 garbage-first heap   total 129024K, used 36484K [0x0000000082a00000, 0x0000000100000000)
  region size 1024K, 28 young (28672K), 3 survivors (3072K)
 Metaspace       used 21279K, committed 21504K, reserved 1114112K
  class space    used 2262K, committed 2368K, reserved 1048576K
}
Event: 2.886 GC heap after
{Heap after GC invocations=2 (full 0):
 garbage-first heap   total 129024K, used 15212K [0x0000000082a00000, 0x0000000100000000)
  region size 1024K, 3 young (3072K), 3 survivors (3072K)
 Metaspace       used 21279K, committed 21504K, reserved 1114112K
  class space    used 2262K, committed 2368K, reserved 1048576K
}
Event: 39.150 GC heap before
{Heap before GC invocations=3 (full 0):
 garbage-first heap   total 58368K, used 42860K [0x0000000082a00000, 0x0000000100000000)
  region size 1024K, 31 young (31744K), 3 survivors (3072K)
 Metaspace       used 26016K, committed 26304K, reserved 1114112K
  class space    used 2905K, committed 3072K, reserved 1048576K
}
Event: 39.157 GC heap after
{Heap after GC invocations=4 (full 0):
 garbage-first heap   total 58368K, used 17711K [0x0000000082a00000, 0x0000000100000000)
  region size 1024K, 3 young (3072K), 3 survivors (3072K)
 Metaspace       used 26016K, committed 26304K, reserved 1114112K
  class space    used 2905K, committed 3072K, reserved 1048576K
}
Event: 116.462 GC heap before
{Heap before GC invocations=4 (full 0):
 garbage-first heap   total 58368K, used 37167K [0x0000000082a00000, 0x0000000100000000)
  region size 1024K, 23 young (23552K), 3 survivors (3072K)
 Metaspace       used 26553K, committed 26880K, reserved 1114112K
  class space    used 2914K, committed 3072K, reserved 1048576K
}
Event: 116.476 GC heap after
{Heap after GC invocations=5 (full 0):
 garbage-first heap   total 58368K, used 19669K [0x0000000082a00000, 0x0000000100000000)
  region size 1024K, 3 young (3072K), 3 survivors (3072K)
 Metaspace       used 26553K, committed 26880K, reserved 1114112K
  class space    used 2914K, committed 3072K, reserved 1048576K
}
Event: 260.289 GC heap before
{Heap before GC invocations=5 (full 0):
 garbage-first heap   total 58368K, used 39125K [0x0000000082a00000, 0x0000000100000000)
  region size 1024K, 23 young (23552K), 3 survivors (3072K)
 Metaspace       used 26988K, committed 27392K, reserved 1114112K
  class space    used 2925K, committed 3136K, reserved 1048576K
}
Event: 261.397 GC heap after
{Heap after GC invocations=6 (full 0):
 garbage-first heap   total 58368K, used 21397K [0x0000000082a00000, 0x0000000100000000)
  region size 1024K, 3 young (3072K), 3 survivors (3072K)
 Metaspace       used 26988K, committed 27392K, reserved 1114112K
  class space    used 2925K, committed 3136K, reserved 1048576K
}
Event: 263.150 GC heap before
{Heap before GC invocations=6 (full 0):
 garbage-first heap   total 58368K, used 21397K [0x0000000082a00000, 0x0000000100000000)
  region size 1024K, 4 young (4096K), 3 survivors (3072K)
 Metaspace       used 27015K, committed 27392K, reserved 1114112K
  class space    used 2925K, committed 3136K, reserved 1048576K
}
Event: 263.165 GC heap after
{Heap after GC invocations=7 (full 0):
 garbage-first heap   total 58368K, used 21508K [0x0000000082a00000, 0x0000000100000000)
  region size 1024K, 1 young (1024K), 1 survivors (1024K)
 Metaspace       used 27015K, committed 27392K, reserved 1114112K
  class space    used 2925K, committed 3136K, reserved 1048576K
}
Event: 264.686 GC heap before
{Heap before GC invocations=7 (full 0):
 garbage-first heap   total 58368K, used 22532K [0x0000000082a00000, 0x0000000100000000)
  region size 1024K, 2 young (2048K), 1 survivors (1024K)
 Metaspace       used 27026K, committed 27392K, reserved 1114112K
  class space    used 2925K, committed 3136K, reserved 1048576K
}
Event: 264.690 GC heap after
{Heap after GC invocations=8 (full 0):
 garbage-first heap   total 58368K, used 21541K [0x0000000082a00000, 0x0000000100000000)
  region size 1024K, 1 young (1024K), 1 survivors (1024K)
 Metaspace       used 27026K, committed 27392K, reserved 1114112K
  class space    used 2925K, committed 3136K, reserved 1048576K
}
Event: 322.124 GC heap before
{Heap before GC invocations=8 (full 0):
 garbage-first heap   total 58368K, used 31781K [0x0000000082a00000, 0x0000000100000000)
  region size 1024K, 11 young (11264K), 1 survivors (1024K)
 Metaspace       used 27190K, committed 27584K, reserved 1114112K
  class space    used 2929K, committed 3136K, reserved 1048576K
}
Event: 322.147 GC heap after
{Heap after GC invocations=9 (full 0):
 garbage-first heap   total 58368K, used 22300K [0x0000000082a00000, 0x0000000100000000)
  region size 1024K, 2 young (2048K), 2 survivors (2048K)
 Metaspace       used 27190K, committed 27584K, reserved 1114112K
  class space    used 2929K, committed 3136K, reserved 1048576K
}
Event: 596.373 GC heap before
{Heap before GC invocations=9 (full 0):
 garbage-first heap   total 58368K, used 40732K [0x0000000082a00000, 0x0000000100000000)
  region size 1024K, 21 young (21504K), 2 survivors (2048K)
 Metaspace       used 27853K, committed 28160K, reserved 1114112K
  class space    used 2984K, committed 3136K, reserved 1048576K
}
Event: 596.429 GC heap after
{Heap after GC invocations=10 (full 0):
 garbage-first heap   total 58368K, used 24706K [0x0000000082a00000, 0x0000000100000000)
  region size 1024K, 3 young (3072K), 3 survivors (3072K)
 Metaspace       used 27853K, committed 28160K, reserved 1114112K
  class space    used 2984K, committed 3136K, reserved 1048576K
}
Event: 676.902 GC heap before
{Heap before GC invocations=10 (full 0):
 garbage-first heap   total 58368K, used 42114K [0x0000000082a00000, 0x0000000100000000)
  region size 1024K, 21 young (21504K), 3 survivors (3072K)
 Metaspace       used 28062K, committed 28416K, reserved 1114112K
  class space    used 2988K, committed 3136K, reserved 1048576K
}
Event: 676.937 GC heap after
{Heap after GC invocations=11 (full 0):
 garbage-first heap   total 58368K, used 26401K [0x0000000082a00000, 0x0000000100000000)
  region size 1024K, 2 young (2048K), 2 survivors (2048K)
 Metaspace       used 28062K, committed 28416K, reserved 1114112K
  class space    used 2988K, committed 3136K, reserved 1048576K
}
Event: 850.888 GC heap before
{Heap before GC invocations=11 (full 0):
 garbage-first heap   total 58368K, used 42785K [0x0000000082a00000, 0x0000000100000000)
  region size 1024K, 19 young (19456K), 2 survivors (2048K)
 Metaspace       used 28456K, committed 28736K, reserved 1114112K
  class space    used 3014K, committed 3136K, reserved 1048576K
}
Event: 850.916 GC heap after
{Heap after GC invocations=12 (full 0):
 garbage-first heap   total 58368K, used 26804K [0x0000000082a00000, 0x0000000100000000)
  region size 1024K, 1 young (1024K), 1 survivors (1024K)
 Metaspace       used 28456K, committed 28736K, reserved 1114112K
  class space    used 3014K, committed 3136K, reserved 1048576K
}

