<?xml version="1.0" encoding="UTF-8"?>
<!-- Generated by org.testng.reporters.JUnitXMLReporter -->
<testsuite ignored="0" hostname="Ishant" failures="0" tests="5" name="Default test" time="0.065" errors="0" timestamp="2024-06-21T14:17:31 IST">
  <testcase classname="grouping.basic.GroupingTestBasic" name="test1" time="0.008"/>
  <testcase classname="grouping.basic.GroupingTestBasic" name="test2" time="0.007"/>
  <testcase classname="grouping.basic.GroupingTestBasic" name="test3" time="0.001"/>
  <testcase classname="grouping.basic.GroupingTestBasic" name="test4" time="0.001"/>
  <testcase classname="grouping.basic.GroupingTestBasic" name="test5" time="0.001"/>
</testsuite> <!-- Default test -->
