<?xml version="1.0" encoding="UTF-8"?>
<!-- Generated by org.testng.reporters.JUnitXMLReporter -->
<testsuite ignored="0" hostname="Ishant" failures="0" tests="2" name="Test on Chrome" time="19.683" errors="0" timestamp="2024-06-22T13:51:09 IST">
  <testcase classname="dataProvider.facebook.registration.FacebookRegistration" name="facebookRegistration" time="2.763"/>
  <testcase classname="dataProvider.facebook.registration.DDT_FacebookRegistration" name="facebookRegistration" time="5.321"/>
</testsuite> <!-- Test on Chrome -->
