<?xml version="1.0" encoding="UTF-8"?>
<!-- Generated by org.testng.reporters.JUnitXMLReporter -->
<testsuite ignored="11" hostname="Ishant" failures="0" tests="1" name="Test" time="0.051" errors="0" timestamp="2024-06-21T18:58:41 IST">
  <testcase classname="grouping.basic.GroupingWithExcludeTag" name="test11" time="0.009"/>
  <testcase classname="grouping.basic.GroupingWithExcludeTag" name="test4" time="0.0">
    <ignored/>
  </testcase> <!-- test4 -->
  <testcase classname="grouping.basic.GroupingWithExcludeTag" name="test3" time="0.0">
    <ignored/>
  </testcase> <!-- test3 -->
  <testcase classname="grouping.basic.GroupingWithExcludeTag" name="test5" time="0.0">
    <ignored/>
  </testcase> <!-- test5 -->
  <testcase classname="grouping.basic.GroupingWithExcludeTag" name="test8" time="0.0">
    <ignored/>
  </testcase> <!-- test8 -->
  <testcase classname="grouping.basic.GroupingWithExcludeTag" name="test10" time="0.0">
    <ignored/>
  </testcase> <!-- test10 -->
  <testcase classname="grouping.basic.GroupingWithExcludeTag" name="test7" time="0.0">
    <ignored/>
  </testcase> <!-- test7 -->
  <testcase classname="grouping.basic.GroupingWithExcludeTag" name="test2" time="0.0">
    <ignored/>
  </testcase> <!-- test2 -->
  <testcase classname="grouping.basic.GroupingWithExcludeTag" name="test12" time="0.0">
    <ignored/>
  </testcase> <!-- test12 -->
  <testcase classname="grouping.basic.GroupingWithExcludeTag" name="test9" time="0.0">
    <ignored/>
  </testcase> <!-- test9 -->
  <testcase classname="grouping.basic.GroupingWithExcludeTag" name="test6" time="0.0">
    <ignored/>
  </testcase> <!-- test6 -->
  <testcase classname="grouping.basic.GroupingWithExcludeTag" name="test1" time="0.0">
    <ignored/>
  </testcase> <!-- test1 -->
</testsuite> <!-- Test -->
