<?xml version="1.0" encoding="UTF-8"?>
<!-- Generated by org.testng.reporters.JUnitXMLReporter -->
<testsuite ignored="0" hostname="Ishant" failures="1" tests="10" name="Test on Edge" time="695.501" errors="0" timestamp="2024-06-20T20:03:27 IST">
  <testcase classname="amazon.ten.scenarios.LaunchAndQuit" name="@AfterMethod closeAmazon" time="11.202">
    <failure type="java.lang.OutOfMemoryError" message="unable to create native thread: possibly out of memory or process/resource limits reached">
      <![CDATA[java.lang.OutOfMemoryError: unable to create native thread: possibly out of memory or process/resource limits reached
at java.base/java.lang.Thread.start0(Native Method)
at java.base/java.lang.Thread.start(Thread.java:809)
at java.net.http/jdk.internal.net.http.HttpClientImpl.start(HttpClientImpl.java:337)
at java.net.http/jdk.internal.net.http.HttpClientImpl.create(HttpClientImpl.java:271)
at java.net.http/jdk.internal.net.http.HttpClientBuilderImpl.build(HttpClientBuilderImpl.java:135)
at org.openqa.selenium.remote.http.jdk.JdkHttpClient.<init>(JdkHttpClient.java:154)
at org.openqa.selenium.remote.http.jdk.JdkHttpClient$Factory.createClient(JdkHttpClient.java:474)
at org.openqa.selenium.devtools.CdpEndpointFinder.getHttpClient(CdpEndpointFinder.java:50)
at org.openqa.selenium.chromium.ChromiumDriver.lambda$new$2(ChromiumDriver.java:145)
at java.base/java.util.Optional.map(Optional.java:260)
at org.openqa.selenium.chromium.ChromiumDriver.<init>(ChromiumDriver.java:145)
at org.openqa.selenium.edge.EdgeDriver.<init>(EdgeDriver.java:60)
at org.openqa.selenium.edge.EdgeDriver.<init>(EdgeDriver.java:56)
at org.openqa.selenium.edge.EdgeDriver.<init>(EdgeDriver.java:48)
at org.openqa.selenium.edge.EdgeDriver.<init>(EdgeDriver.java:44)
at amazon.ten.scenarios.LaunchAndQuit.closeAmazon(LaunchAndQuit.java:45)
at java.base/java.util.ArrayList.forEach(ArrayList.java:1511)
at java.base/java.util.concurrent.FutureTask.run(FutureTask.java:264)
at java.base/java.util.concurrent.ThreadPoolExecutor.runWorker(ThreadPoolExecutor.java:1136)
at java.base/java.util.concurrent.ThreadPoolExecutor$Worker.run(ThreadPoolExecutor.java:635)
at java.base/java.lang.Thread.run(Thread.java:840)
... Removed 22 stack frames]]>
    </failure>
  </testcase> <!-- @AfterMethod closeAmazon -->
  <testcase classname="amazon.ten.scenarios.LaunchAndQuit" name="@BeforeMethod launchAmazon" time="191.15">
    <failure type="org.openqa.selenium.TimeoutException" message="java.util.concurrent.TimeoutException
Build info: version: &amp;apos;4.21.0&amp;apos;, revision: &amp;apos;79ed462ef4&amp;apos;
System info: os.name: &amp;apos;Windows 11&amp;apos;, os.arch: &amp;apos;amd64&amp;apos;, os.version: &amp;apos;10.0&amp;apos;, java.version: &amp;apos;17.0.11&amp;apos;
Driver info: org.openqa.selenium.edge.EdgeDriver
Command: [e30d132495cbfd74eede6ae8d633b517, maximizeCurrentWindow {}]
Capabilities {acceptInsecureCerts: false, browserName: MicrosoftEdge, browserVersion: 126.0.2592.61, fedcm:accounts: true, ms:edgeOptions: {debuggerAddress: localhost:56682}, msedge: {msedgedriverVersion: 126.0.2592.61 (12efce1c0fb4..., userDataDir: C:\Users\ishan\AppData\Loca...}, networkConnectionEnabled: false, pageLoadStrategy: normal, platformName: windows, proxy: Proxy(), se:cdp: ws://localhost:56682/devtoo..., se:cdpVersion: 126.0.2592.61, setWindowRect: true, strictFileInteractability: false, timeouts: {implicit: 0, pageLoad: 300000, script: 30000}, unhandledPromptBehavior: dismiss and notify, webauthn:extension:credBlob: true, webauthn:extension:largeBlob: true, webauthn:extension:minPinLength: true, webauthn:extension:prf: true, webauthn:virtualAuthenticators: true}
Session ID: e30d132495cbfd74eede6ae8d633b517">
      <![CDATA[org.openqa.selenium.TimeoutException: java.util.concurrent.TimeoutException
Build info: version: '4.21.0', revision: '79ed462ef4'
System info: os.name: 'Windows 11', os.arch: 'amd64', os.version: '10.0', java.version: '17.0.11'
Driver info: org.openqa.selenium.edge.EdgeDriver
Command: [e30d132495cbfd74eede6ae8d633b517, maximizeCurrentWindow {}]
Capabilities {acceptInsecureCerts: false, browserName: MicrosoftEdge, browserVersion: 126.0.2592.61, fedcm:accounts: true, ms:edgeOptions: {debuggerAddress: localhost:56682}, msedge: {msedgedriverVersion: 126.0.2592.61 (12efce1c0fb4..., userDataDir: C:\Users\ishan\AppData\Loca...}, networkConnectionEnabled: false, pageLoadStrategy: normal, platformName: windows, proxy: Proxy(), se:cdp: ws://localhost:56682/devtoo..., se:cdpVersion: 126.0.2592.61, setWindowRect: true, strictFileInteractability: false, timeouts: {implicit: 0, pageLoad: 300000, script: 30000}, unhandledPromptBehavior: dismiss and notify, webauthn:extension:credBlob: true, webauthn:extension:largeBlob: true, webauthn:extension:minPinLength: true, webauthn:extension:prf: true, webauthn:virtualAuthenticators: true}
Session ID: e30d132495cbfd74eede6ae8d633b517
at org.openqa.selenium.remote.http.jdk.JdkHttpClient.execute0(JdkHttpClient.java:399)
at org.openqa.selenium.remote.http.AddSeleniumUserAgent.lambda$apply$0(AddSeleniumUserAgent.java:42)
at org.openqa.selenium.remote.http.Filter.lambda$andFinally$1(Filter.java:55)
at org.openqa.selenium.remote.http.jdk.JdkHttpClient.execute(JdkHttpClient.java:355)
at org.openqa.selenium.remote.HttpCommandExecutor.execute(HttpCommandExecutor.java:187)
at org.openqa.selenium.remote.service.DriverCommandExecutor.invokeExecute(DriverCommandExecutor.java:216)
at org.openqa.selenium.remote.service.DriverCommandExecutor.execute(DriverCommandExecutor.java:174)
at org.openqa.selenium.remote.RemoteWebDriver.execute(RemoteWebDriver.java:518)
at org.openqa.selenium.remote.RemoteWebDriver.execute(RemoteWebDriver.java:591)
at org.openqa.selenium.remote.RemoteWebDriver.execute(RemoteWebDriver.java:595)
at org.openqa.selenium.remote.RemoteWebDriver$RemoteWebDriverOptions$RemoteWindow.maximize(RemoteWebDriver.java:1034)
at amazon.ten.scenarios.LaunchAndQuit.launchAmazon(LaunchAndQuit.java:32)
at java.base/java.util.ArrayList.forEach(ArrayList.java:1511)
at java.base/java.util.concurrent.FutureTask.run(FutureTask.java:264)
at java.base/java.util.concurrent.ThreadPoolExecutor.runWorker(ThreadPoolExecutor.java:1136)
at java.base/java.util.concurrent.ThreadPoolExecutor$Worker.run(ThreadPoolExecutor.java:635)
at java.base/java.lang.Thread.run(Thread.java:840)
Caused by: java.util.concurrent.TimeoutException
at java.base/java.util.concurrent.CompletableFuture.timedGet(CompletableFuture.java:1960)
at java.base/java.util.concurrent.CompletableFuture.get(CompletableFuture.java:2095)
at org.openqa.selenium.remote.http.jdk.JdkHttpClient.execute0(JdkHttpClient.java:382)
... 37 more
... Removed 21 stack frames]]>
    </failure>
  </testcase> <!-- @BeforeMethod launchAmazon -->
  <testcase classname="amazon.ten.scenarios.LaunchAndQuit" name="@AfterMethod closeAmazon" time="-1.718893898319E9">
    <skipped/>
  </testcase> <!-- @AfterMethod closeAmazon -->
  <testcase classname="amazon.ten.scenarios.TC1" name="selectShoe" time="13.247"/>
  <testcase classname="amazon.ten.scenarios.TC2" name="searchMobile" time="13.586"/>
  <testcase classname="amazon.ten.scenarios.TC3" name="searchMouse" time="22.712"/>
  <testcase classname="amazon.ten.scenarios.TC4" name="searchMobileCover" time="192.648">
    <failure type="org.openqa.selenium.TimeoutException" message="java.net.http.HttpTimeoutException: request timed out
Build info: version: &amp;apos;4.21.0&amp;apos;, revision: &amp;apos;79ed462ef4&amp;apos;
System info: os.name: &amp;apos;Windows 11&amp;apos;, os.arch: &amp;apos;amd64&amp;apos;, os.version: &amp;apos;10.0&amp;apos;, java.version: &amp;apos;17.0.11&amp;apos;
Driver info: org.openqa.selenium.edge.EdgeDriver
Command: [c734be37438bfd303f65a5eb860a3d02, clickElement {id=f.8A15C9E056B47089BD32EC85F86897D1.d.D00965DFC60270E9A934C593F67D7134.e.335}]
Capabilities {acceptInsecureCerts: false, browserName: MicrosoftEdge, browserVersion: 126.0.2592.61, fedcm:accounts: true, ms:edgeOptions: {debuggerAddress: localhost:53769}, msedge: {msedgedriverVersion: 126.0.2592.61 (12efce1c0fb4..., userDataDir: C:\Users\ishan\AppData\Loca...}, networkConnectionEnabled: false, pageLoadStrategy: normal, platformName: windows, proxy: Proxy(), se:cdp: ws://localhost:53769/devtoo..., se:cdpVersion: 126.0.2592.61, setWindowRect: true, strictFileInteractability: false, timeouts: {implicit: 0, pageLoad: 300000, script: 30000}, unhandledPromptBehavior: dismiss and notify, webauthn:extension:credBlob: true, webauthn:extension:largeBlob: true, webauthn:extension:minPinLength: true, webauthn:extension:prf: true, webauthn:virtualAuthenticators: true}
Element: [[EdgeDriver: MicrosoftEdge on windows (c734be37438bfd303f65a5eb860a3d02)] -&amp;gt; xpath: (//span[@class = &amp;apos;a-size-base a-color-base&amp;apos;])[141]]
Session ID: c734be37438bfd303f65a5eb860a3d02">
      <![CDATA[org.openqa.selenium.TimeoutException: java.net.http.HttpTimeoutException: request timed out
Build info: version: '4.21.0', revision: '79ed462ef4'
System info: os.name: 'Windows 11', os.arch: 'amd64', os.version: '10.0', java.version: '17.0.11'
Driver info: org.openqa.selenium.edge.EdgeDriver
Command: [c734be37438bfd303f65a5eb860a3d02, clickElement {id=f.8A15C9E056B47089BD32EC85F86897D1.d.D00965DFC60270E9A934C593F67D7134.e.335}]
Capabilities {acceptInsecureCerts: false, browserName: MicrosoftEdge, browserVersion: 126.0.2592.61, fedcm:accounts: true, ms:edgeOptions: {debuggerAddress: localhost:53769}, msedge: {msedgedriverVersion: 126.0.2592.61 (12efce1c0fb4..., userDataDir: C:\Users\ishan\AppData\Loca...}, networkConnectionEnabled: false, pageLoadStrategy: normal, platformName: windows, proxy: Proxy(), se:cdp: ws://localhost:53769/devtoo..., se:cdpVersion: 126.0.2592.61, setWindowRect: true, strictFileInteractability: false, timeouts: {implicit: 0, pageLoad: 300000, script: 30000}, unhandledPromptBehavior: dismiss and notify, webauthn:extension:credBlob: true, webauthn:extension:largeBlob: true, webauthn:extension:minPinLength: true, webauthn:extension:prf: true, webauthn:virtualAuthenticators: true}
Element: [[EdgeDriver: MicrosoftEdge on windows (c734be37438bfd303f65a5eb860a3d02)] -> xpath: (//span[@class = 'a-size-base a-color-base'])[141]]
Session ID: c734be37438bfd303f65a5eb860a3d02
at org.openqa.selenium.remote.http.jdk.JdkHttpClient.execute0(JdkHttpClient.java:389)
at org.openqa.selenium.remote.http.AddSeleniumUserAgent.lambda$apply$0(AddSeleniumUserAgent.java:42)
at org.openqa.selenium.remote.http.Filter.lambda$andFinally$1(Filter.java:55)
at org.openqa.selenium.remote.http.jdk.JdkHttpClient.execute(JdkHttpClient.java:355)
at org.openqa.selenium.remote.HttpCommandExecutor.execute(HttpCommandExecutor.java:187)
at org.openqa.selenium.remote.service.DriverCommandExecutor.invokeExecute(DriverCommandExecutor.java:216)
at org.openqa.selenium.remote.service.DriverCommandExecutor.execute(DriverCommandExecutor.java:174)
at org.openqa.selenium.remote.RemoteWebDriver.execute(RemoteWebDriver.java:518)
at org.openqa.selenium.remote.RemoteWebElement.execute(RemoteWebElement.java:223)
at org.openqa.selenium.remote.RemoteWebElement.click(RemoteWebElement.java:76)
at amazon.ten.scenarios.TC4.searchMobileCover(TC4.java:24)
at java.base/java.util.ArrayList.forEach(ArrayList.java:1511)
at java.base/java.util.concurrent.FutureTask.run(FutureTask.java:264)
at java.base/java.util.concurrent.ThreadPoolExecutor.runWorker(ThreadPoolExecutor.java:1136)
at java.base/java.util.concurrent.ThreadPoolExecutor$Worker.run(ThreadPoolExecutor.java:635)
at java.base/java.lang.Thread.run(Thread.java:840)
Caused by: java.net.http.HttpTimeoutException: request timed out
at java.net.http/jdk.internal.net.http.ResponseTimerEvent.handle(ResponseTimerEvent.java:63)
at java.net.http/jdk.internal.net.http.HttpClientImpl.purgeTimeoutsAndReturnNextDeadline(HttpClientImpl.java:1270)
at java.net.http/jdk.internal.net.http.HttpClientImpl$SelectorManager.run(HttpClientImpl.java:899)
... Removed 18 stack frames]]>
    </failure>
  </testcase> <!-- searchMobileCover -->
  <testcase classname="amazon.ten.scenarios.TC5" name="selectCamera" time="9.559"/>
  <testcase classname="amazon.ten.scenarios.TC6" name="selectRedmi" time="0.0">
    <skipped/>
  </testcase> <!-- selectRedmi -->
  <testcase classname="amazon.ten.scenarios.TC7" name="searchMango" time="3.977"/>
  <testcase classname="amazon.ten.scenarios.TC8" name="searchBook" time="5.192"/>
  <testcase classname="amazon.ten.scenarios.TC9" name="deals" time="12.437"/>
  <testcase classname="amazon.ten.scenarios.TC10" name="searchShoe" time="7.366"/>
</testsuite> <!-- Test on Edge -->
