<?xml version="1.0" encoding="UTF-8"?>
<!-- Generated by org.testng.reporters.JUnitXMLReporter -->
<testsuite ignored="0" hostname="Ishant" failures="0" tests="2" name="Test on Chrome" time="26.706" errors="0" timestamp="2024-06-24T18:41:15 IST">
  <testcase classname="dataProvider.facebook.registration.FacebookRegistration" name="facebookRegistration" time="5.306"/>
  <testcase classname="dataProvider.facebook.registration.DDT_FacebookRegistration" name="facebookRegistration" time="7.469"/>
</testsuite> <!-- Test on Chrome -->
