<?xml version="1.0" encoding="UTF-8"?>
<!-- Generated by org.testng.reporters.JUnitXMLReporter -->
<testsuite ignored="0" hostname="Ishant" failures="0" tests="2" name="Test on Edge" time="27.846" errors="0" timestamp="2024-06-24T18:41:16 IST">
  <testcase classname="dataProvider.facebook.registration.FacebookRegistration" name="facebookRegistration" time="5.762"/>
  <testcase classname="dataProvider.facebook.registration.DDT_FacebookRegistration" name="facebookRegistration" time="4.021"/>
</testsuite> <!-- Test on Edge -->
