<?xml version="1.0" encoding="UTF-8"?>
<!-- Generated by org.testng.reporters.JUnitXMLReporter -->
<testsuite ignored="0" hostname="Ishant" failures="0" tests="2" name="Test on Firefox" time="34.802" errors="0" timestamp="2024-06-24T18:41:23 IST">
  <testcase classname="dataProvider.facebook.registration.FacebookRegistration" name="facebookRegistration" time="4.521"/>
  <testcase classname="dataProvider.facebook.registration.DDT_FacebookRegistration" name="facebookRegistration" time="2.352"/>
</testsuite> <!-- Test on Firefox -->
