<?xml version="1.0" encoding="UTF-8"?>
<!-- Generated by org.testng.reporters.JUnitXMLReporter -->
<testsuite ignored="0" hostname="Ishant" failures="0" tests="10" name="TestAmazonAssert" time="143.765" errors="0" timestamp="2024-06-26T19:58:04 IST">
  <testcase classname="assertAmazon_10Scenario.Assert_TC01" name="assertSelectShoe" time="5.564"/>
  <testcase classname="assertAmazon_10Scenario.Assert_TC02" name="assertSearchMobile" time="10.7"/>
  <testcase classname="assertAmazon_10Scenario.Assert_TC03" name="assertSearchMouse" time="12.77"/>
  <testcase classname="assertAmazon_10Scenario.Assert_TC04" name="assertSearchMobileCover" time="6.93"/>
  <testcase classname="assertAmazon_10Scenario.Assert_TC05" name="assertSelectCamera" time="10.135"/>
  <testcase classname="assertAmazon_10Scenario.Assert_TC06" name="assertSelectRedmi" time="12.998"/>
  <testcase classname="assertAmazon_10Scenario.Assert_TC07" name="assertSearchMango" time="2.98"/>
  <testcase classname="assertAmazon_10Scenario.Assert_TC08" name="assertSearchBook" time="11.388"/>
  <testcase classname="assertAmazon_10Scenario.Assert_TC09" name="assertDeals" time="8.834"/>
  <testcase classname="assertAmazon_10Scenario.Assert_TC10" name="assertSearchShoe" time="4.399"/>
</testsuite> <!-- TestAmazonAssert -->
