<?xml version="1.0" encoding="UTF-8"?>
<!-- Generated by org.testng.reporters.JUnitXMLReporter -->
<testsuite ignored="0" hostname="Ishant" failures="0" tests="10" name="TestAmazonAssert" time="136.59" errors="0" timestamp="2024-06-26T17:32:15 IST">
  <testcase classname="assertAmazon_10Scenario.Assert_TC01" name="assertSelectShoe" time="3.928"/>
  <testcase classname="assertAmazon_10Scenario.Assert_TC02" name="assertSearchMobile" time="9.897"/>
  <testcase classname="assertAmazon_10Scenario.Assert_TC03" name="assertSearchMouse" time="9.075"/>
  <testcase classname="assertAmazon_10Scenario.Assert_TC04" name="assertSearchMobileCover" time="4.48"/>
  <testcase classname="assertAmazon_10Scenario.Assert_TC05" name="assertSelectCamera" time="8.677"/>
  <testcase classname="assertAmazon_10Scenario.Assert_TC06" name="assertSelectRedmi" time="13.235"/>
  <testcase classname="assertAmazon_10Scenario.Assert_TC07" name="assertSearchMango" time="3.476"/>
  <testcase classname="assertAmazon_10Scenario.Assert_TC08" name="assertSearchBook" time="10.044"/>
  <testcase classname="assertAmazon_10Scenario.Assert_TC09" name="assertDeals" time="11.167"/>
  <testcase classname="assertAmazon_10Scenario.Assert_TC10" name="assertSearchShoe" time="5.912"/>
</testsuite> <!-- TestAmazonAssert -->
