<?xml version="1.0" encoding="UTF-8"?>
<testng-results ignored="11" total="12" passed="1" failed="0" skipped="0">
  <reporter-output>
  </reporter-output>
  <suite started-at="2024-06-21T15:55:12 IST" name="Suite" finished-at="2024-06-21T15:55:12 IST" duration-ms="37">
    <groups>
      <group name="system">
        <method signature="GroupingWithExcludeTag.test11()[pri:0, instance:grouping.basic.GroupingWithExcludeTag@20ccf40b]" name="test11" class="grouping.basic.GroupingWithExcludeTag"/>
      </group> <!-- system -->
    </groups>
    <test started-at="2024-06-21T15:55:12 IST" name="Test" finished-at="2024-06-21T15:55:12 IST" duration-ms="37">
      <class name="grouping.basic.GroupingWithExcludeTag">
        <test-method signature="test11()[pri:0, instance:grouping.basic.GroupingWithExcludeTag@20ccf40b]" started-at="2024-06-21T15:55:12 IST" name="test11" finished-at="2024-06-21T15:55:12 IST" duration-ms="7" status="PASS">
          <reporter-output>
          </reporter-output>
        </test-method> <!-- test11 -->
      </class> <!-- grouping.basic.GroupingWithExcludeTag -->
    </test> <!-- Test -->
  </suite> <!-- Suite -->
</testng-results>
